{
  "RSpec": {
    "coverage": {
      "/myapp/spec/support/login_macros.rb": {
        "lines": [
          1,
          1,
          0,
          0,
          null,
          0,
          0,
          0,
          null,
          null
        ]
      },
      "/myapp/spec/system/logins_spec.rb": {
        "lines": [
          1,
          null,
          1,
          1,
          2,
          null,
          null,
          1,
          1,
          1,
          1,
          null,
          1,
          1,
          1,
          null,
          null,
          1,
          null,
          null,
          null,
          1,
          null
        ]
      },
      "/myapp/spec/system/techniques_spec.rb": {
        "lines": [
          1,
          null,
          1,
          1,
          0,
          null,
          null,
          1,
          null
        ]
      },
      "/myapp/app/controllers/pages_controller.rb": {
        "lines": [
          1,
          1,
          null,
          1,
          null
        ]
      },
      "/myapp/app/controllers/application_controller.rb": {
        "lines": [
          1,
          null,
          1,
          1,
          1,
          null,
          1,
          null,
          null,
          null,
          null,
          1,
          1,
          1,
          null,
          null,
          1,
          1,
          null,
          null
        ]
      },
      "/myapp/app/controllers/users/omniauth_callbacks_controller.rb": {
        "lines": [
          1,
          1,
          null,
          1,
          null,
          1,
          1,
          1,
          null,
          null,
          1,
          null,
          1,
          1,
          1,
          null,
          0,
          0,
          null,
          null,
          null,
          1,
          0,
          null,
          null
        ]
      },
      "/myapp/app/models/technique_preset.rb": {
        "lines": [
          1,
          1,
          1,
          null,
          1,
          1,
          null,
          1,
          null
        ]
      },
      "/myapp/app/models/chart_preset.rb": {
        "lines": [
          1,
          null,
          1,
          1,
          null
        ]
      },
      "/myapp/app/models/chart.rb": {
        "lines": [
          1,
          1,
          1,
          1,
          null,
          1,
          null
        ]
      },
      "/myapp/app/controllers/mypage/menu_controller.rb": {
        "lines": [
          1,
          1,
          null,
          null
        ]
      }
    },
    "timestamp": 1756100330
  }
}
